
INFO (TDA-005): Command Line Invocation: 
            build_model stepid=pd__build_model_043015190146-125504000 workdir=/afs/ece.cmu.edu/usr/njansen/18765/p5/test_run/work designsource=/afs/ece.cmu.edu/usr/njansen/18765/p5/test_run/work/s9234_comb.v  [end TDA_005]

***********************************************************************
Encounter(R) Test and Diagnostics 12.1.101 Feb 21, 2013 (linux26_64 ET121)
 
Licensed Materials - Property of Cadence Design Systems, Inc. 
 
Copyright (C) 2002-2012 Cadence Design Systems Inc. All Rights Reserved. 
Cadence and the Cadence logo are registered trademarks. All others are 
properties of their respective holders. 
 
Copyright (C) 1994-2002 IBM Corporation. All rights reserved. 
  IBM is a Trademark of International Business Machines Corporation. 
Copyright (C) 2001-2003 The Trustees of Indiana University. All rights reserved. 
Copyright (C) 1998-2001 University of Notre Dame. All rights reserved. 
Copyright (C) 1994-1998 The Ohio State University. All rights reserved. 
Perl Copyright 1987-2002, Larry Wall 


***********************************************************************

INFO (TDA-007): Job Information:
            Date Started: Thursday Apr 30 19:01:46 2015  EDT
            Host machine is ece001.ece.cmu.edu, x86_64 running Linux 2.6.32-431.29.2.el6.x86_64.
            This job is process number 6123.
[end TDA_007]

INFO (TDA-009): Keywords/Values information.
            (keywords marked with '*' have program generated values,
             keywords marked with '+' were specified to default.)

            WORKDIR=/afs/ece.cmu.edu/usr/njansen/18765/p5/test_run/work

            logfile=/afs/ece.cmu.edu/usr/njansen/18765/p5/test_run/work/testresults/logs/log_build_model_043015190146-125504000
            stepid=pd__build_model
            DESIGNSOURCE=/afs/ece.cmu.edu/usr/njansen/18765/p5/test_run/work/s9234_comb.v
[end TDA_009]

Build Model Controller starting:


Search Order  1:  "/afs/ece.cmu.edu/usr/njansen/18765/p5/test_run/work/s9234_comb.v"



Reading Verilog data from /afs/ece.cmu.edu/usr/njansen/18765/p5/test_run/work/s9234_comb.v

NC Verilog Parser complete - 1 modules, 5597 gates, 0 user defined primitives.

INFO (TEI-003): The 'cell s9234_orig' was selected as the top cell.   [end TEI_003] 


Build Model - Hierarchical Model Build starting:

ERROR (TEI-104): PROGAM LIMITATION: conflicting pin definitions: pin 'g23' of 'cell s9234_orig'. Cell contents file: '/afs/ece.cmu.edu/usr/njansen/18765/p5/test_run/work/s9234_comb.v'.  [end TEI_104] 
ERROR (TEI-109): More than one net is connected to interface pin 'g23' of 'cell s9234_orig'. The first two nets are 'g23' and 'g23'. Cell contents file: '/afs/ece.cmu.edu/usr/njansen/18765/p5/test_run/work/s9234_comb.v'.  [end TEI_109] 
ERROR (TEI-400): Build Model FAILED:
  Semantic error(s) were found:
    Refer to TEI-104 messages.
    Refer to TEI-109 messages.
  Unexpected Model Build Failure
  [end TEI_400] 

INFO (TDA-001): Maximum Memory used during the run and Cumulative Time in hours:minutes:seconds:

                  Total Memory =           82,059,168  bytes

                      CPU Time =    0:00:00.31
                  Elapsed Time =    0:00:00.77                    [end TDA_001]



Build Model Controller completed.




*******************************************************************************
*                      Message Summary                                        *
*******************************************************************************
 Count  Number             First Instance of Message Text
------- ------             ------------------------------

  INFO Messages...
      1 INFO (TEI-003): The 'cell s9234_orig' was selected as the top cell.    

  ERROR Messages...
      1 ERROR (TEI-104): PROGAM LIMITATION: conflicting pin definitions: pin 'g23' of 'cell s9234_orig'. Cell contents file: '/afs/ece.cmu.edu/usr/njansen/18765/p5/test_run/work/s9234_comb.v'.   
      1 ERROR (TEI-109): More than one net is connected to interface pin 'g23' of 'cell s9234_orig'. The first two nets are 'g23' and 'g23'. Cell contents file: '/afs/ece.cmu.edu/usr/njansen/18765/p5/test_run/work/s9234_comb.v'.   
      1 ERROR (TEI-400): Build Model FAILED:


*******************************************************************************
